Flutter crash report.
Please report a bug at https://github.com/flutter/flutter/issues.

## command

flutter create moodscape_flutter

## exception

ProcessException: ProcessException: Failed to find "/home/ghost/Programming/moodscape/flutter/bin/cache/dart-sdk/bin/dart" in the search path.
Working directory: "/home/ghost/Programming/moodscape/flutter/packages/flutter_tools" (does not exist)
pub env: {
  "FLUTTER_ROOT": "/home/ghost/Programming/moodscape/flutter",
  "PUB_ENVIRONMENT": "flutter_cli:get",
}

  Command: /home/ghost/Programming/moodscape/flutter/bin/cache/dart-sdk/bin/dart 

```
#0      _DefaultPub._runWithStdioInherited (package:flutter_tools/src/dart/pub.dart:423:9)
<asynchronous suspension>
#1      _DefaultPub.get (package:flutter_tools/src/dart/pub.dart:323:5)
<asynchronous suspension>
#2      PubDependencies.update (package:flutter_tools/src/flutter_cache.dart:126:5)
<asynchronous suspension>
#3      Cache.updateAll (package:flutter_tools/src/cache.dart:713:9)
<asynchronous suspension>
#4      FlutterCommand.verifyThenRunCommand (package:flutter_tools/src/runner/flutter_command.dart:1705:7)
<asynchronous suspension>
#5      FlutterCommand.run.<anonymous closure> (package:flutter_tools/src/runner/flutter_command.dart:1408:27)
<asynchronous suspension>
#6      AppContext.run.<anonymous closure> (package:flutter_tools/src/base/context.dart:153:19)
<asynchronous suspension>
#7      CommandRunner.runCommand (package:args/command_runner.dart:212:13)
<asynchronous suspension>
#8      FlutterCommandRunner.runCommand.<anonymous closure> (package:flutter_tools/src/runner/flutter_command_runner.dart:420:9)
<asynchronous suspension>
#9      AppContext.run.<anonymous closure> (package:flutter_tools/src/base/context.dart:153:19)
<asynchronous suspension>
#10     FlutterCommandRunner.runCommand (package:flutter_tools/src/runner/flutter_command_runner.dart:364:5)
<asynchronous suspension>
#11     run.<anonymous closure>.<anonymous closure> (package:flutter_tools/runner.dart:130:9)
<asynchronous suspension>
#12     AppContext.run.<anonymous closure> (package:flutter_tools/src/base/context.dart:153:19)
<asynchronous suspension>
#13     main (package:flutter_tools/executable.dart:93:3)
<asynchronous suspension>
```

## flutter doctor

```
[☠] Flutter (the doctor check crashed)
    ✗ Due to an error, the doctor check did not complete. If the error message below is not helpful, please let us know about this issue at https://github.com/flutter/flutter/issues.
    ✗ Exception: Could not find directory at /home/ghost/Programming/moodscape/flutter/bin/cache/dart-sdk/bin/resources/devtools
    • #0      Cache.devToolsVersion (package:flutter_tools/src/cache.dart:386:9)
      #1      _DefaultDoctorValidatorsProvider.validators.<anonymous closure> (package:flutter_tools/src/doctor.dart:135:46)
      #2      FlutterValidator.validate (package:flutter_tools/src/doctor.dart:555:84)
      #3      Doctor.startValidatorTasks.<anonymous closure> (package:flutter_tools/src/doctor.dart:247:72)
      #4      asyncGuard.<anonymous closure> (package:flutter_tools/src/base/async_guard.dart:111:32)
      #5      _rootRun (dart:async/zone.dart:1399:13)
      #6      _CustomZone.run (dart:async/zone.dart:1301:19)
      #7      _runZoned (dart:async/zone.dart:1826:10)
      #8      runZonedGuarded (dart:async/zone.dart:1814:12)
      #9      runZoned (dart:async/zone.dart:1760:12)
      #10     asyncGuard (package:flutter_tools/src/base/async_guard.dart:109:3)
      #11     Doctor.startValidatorTasks (package:flutter_tools/src/doctor.dart:239:9)
      #12     DoctorText._validatorTasks (package:flutter_tools/src/doctor.dart:768:60)
      #13     DoctorText._validatorTasks (package:flutter_tools/src/doctor.dart)
      #14     DoctorText._runDiagnosis (package:flutter_tools/src/doctor.dart:772:53)
      #15     DoctorText.text (package:flutter_tools/src/doctor.dart:764:36)
      #16     DoctorText.text (package:flutter_tools/src/doctor.dart)
      #17     _createLocalCrashReport (package:flutter_tools/runner.dart:273:51)
      #18     _handleToolError (package:flutter_tools/runner.dart:235:31)
      <asynchronous suspension>
      #19     AppContext.run.<anonymous closure> (package:flutter_tools/src/base/context.dart:153:19)
      <asynchronous suspension>
      #20     main (package:flutter_tools/executable.dart:93:3)
      <asynchronous suspension>


[✗] Android toolchain - develop for Android devices
    • Android SDK at /usr/lib/android-sdk
    ✗ cmdline-tools component is missing
      Run `path/to/sdkmanager --install "cmdline-tools;latest"`
      See https://developer.android.com/studio/command-line for more details.

[✗] Chrome - develop for the web (Cannot find Chrome executable at google-chrome)
    ! Cannot find Chrome. Try setting CHROME_EXECUTABLE to a Chrome executable.

[✗] Linux toolchain - develop for Linux desktop
    • Debian clang version 19.1.7 (3+b2)
    ✗ CMake is required for Linux development.
      It is likely available from your distribution (e.g.: apt install cmake), or can be downloaded from https://cmake.org/download/
    ✗ ninja is required for Linux development.
      It is likely available from your distribution (e.g.: apt install ninja-build), or can be downloaded from https://github.com/ninja-build/ninja/releases
    • pkg-config version 1.8.1
    ✗ GTK 3.0 development libraries are required for Linux development.
      They are likely available from your distribution (e.g.: apt install libgtk-3-dev)

[!] Android Studio (not installed)
    • Android Studio not found; download from https://developer.android.com/studio/index.html
      (or visit https://flutter.dev/to/linux-android-setup for detailed instructions).

[✓] Connected device (1 available)
    • Linux (desktop) • linux • linux-x64 • Kali GNU/Linux Rolling 6.12.38+kali-amd64

[✓] Network resources
    • All expected network resources are available.

! Doctor found issues in 5 categories.
```
